C:\VS EXPRESS\LAB2\MARK 10 MY\ECO.LAB1\BUILDFILES\WINDOWS\X86\DYNAMICDEBUG\AE202E543CE54550899603BD70C62565.DLL
C:\vs express\lab2\mark 10 my\Eco.Lab1\BuildFiles\Windows\x86\DynamicDebug\AE202E543CE54550899603BD70C62565.exp
C:\VS EXPRESS\LAB2\MARK 10 MY\ECO.LAB1\BUILDFILES\WINDOWS\X86\DYNAMICDEBUG\AE202E543CE54550899603BD70C62565.ILK
C:\vs express\lab2\mark 10 my\Eco.Lab1\BuildFiles\Windows\x86\DynamicDebug\AE202E543CE54550899603BD70C62565.lib
C:\VS EXPRESS\LAB2\MARK 10 MY\ECO.LAB1\BUILDFILES\WINDOWS\X86\DYNAMICDEBUG\AE202E543CE54550899603BD70C62565.PDB
C:\VS EXPRESS\LAB2\MARK 10 MY\ECO.LAB1\BUILDFILES\WINDOWS\X86\DYNAMICDEBUG\OBJ\ECO.CALCULATORB\AE202E543CE54550899603BD70C62565.DLL.INTERMEDIATE.MANIFEST
C:\VS EXPRESS\LAB2\MARK 10 MY\ECO.LAB1\BUILDFILES\WINDOWS\X86\DYNAMICDEBUG\OBJ\ECO.CALCULATORB\CECOCALCULATORB.OBJ
C:\VS EXPRESS\LAB2\MARK 10 MY\ECO.LAB1\BUILDFILES\WINDOWS\X86\DYNAMICDEBUG\OBJ\ECO.CALCULATORB\CECOCALCULATORBFACTORY.OBJ
C:\vs express\lab2\mark 10 my\Eco.Lab1\BuildFiles\Windows\x86\DynamicDebug\obj\Eco.CalculatorB\cl.command.1.tlog
C:\vs express\lab2\mark 10 my\Eco.Lab1\BuildFiles\Windows\x86\DynamicDebug\obj\Eco.CalculatorB\CL.read.1.tlog
C:\vs express\lab2\mark 10 my\Eco.Lab1\BuildFiles\Windows\x86\DynamicDebug\obj\Eco.CalculatorB\CL.write.1.tlog
C:\vs express\lab2\mark 10 my\Eco.Lab1\BuildFiles\Windows\x86\DynamicDebug\obj\Eco.CalculatorB\Eco.CalculatorB.vcxprojResolveAssemblyReference.cache
C:\vs express\lab2\mark 10 my\Eco.Lab1\BuildFiles\Windows\x86\DynamicDebug\obj\Eco.CalculatorB\Eco.CalculatorB.write.1.tlog
C:\vs express\lab2\mark 10 my\Eco.Lab1\BuildFiles\Windows\x86\DynamicDebug\obj\Eco.CalculatorB\link.command.1.tlog
C:\vs express\lab2\mark 10 my\Eco.Lab1\BuildFiles\Windows\x86\DynamicDebug\obj\Eco.CalculatorB\link.read.1.tlog
C:\vs express\lab2\mark 10 my\Eco.Lab1\BuildFiles\Windows\x86\DynamicDebug\obj\Eco.CalculatorB\link.write.1.tlog
C:\vs express\lab2\mark 10 my\Eco.Lab1\BuildFiles\Windows\x86\DynamicDebug\obj\Eco.CalculatorB\mt.command.1.tlog
C:\vs express\lab2\mark 10 my\Eco.Lab1\BuildFiles\Windows\x86\DynamicDebug\obj\Eco.CalculatorB\mt.read.1.tlog
C:\vs express\lab2\mark 10 my\Eco.Lab1\BuildFiles\Windows\x86\DynamicDebug\obj\Eco.CalculatorB\mt.write.1.tlog
C:\vs express\lab2\mark 10 my\Eco.Lab1\BuildFiles\Windows\x86\DynamicDebug\obj\Eco.CalculatorB\vc100.idb
C:\VS EXPRESS\LAB2\MARK 10 MY\ECO.LAB1\BUILDFILES\WINDOWS\X86\DYNAMICDEBUG\OBJ\ECO.CALCULATORB\VC100.PDB
