C:\VS EXPRESS\LAB2\MARK 10 MY\ECO.LAB1\BUILDFILES\WINDOWS\X86\DYNAMICDEBUG\4828F6552E4540E78121EBD220DC360E.DLL
C:\vs express\lab2\mark 10 my\Eco.Lab1\BuildFiles\Windows\x86\DynamicDebug\4828F6552E4540E78121EBD220DC360E.exp
C:\VS EXPRESS\LAB2\MARK 10 MY\ECO.LAB1\BUILDFILES\WINDOWS\X86\DYNAMICDEBUG\4828F6552E4540E78121EBD220DC360E.ILK
C:\vs express\lab2\mark 10 my\Eco.Lab1\BuildFiles\Windows\x86\DynamicDebug\4828F6552E4540E78121EBD220DC360E.lib
C:\VS EXPRESS\LAB2\MARK 10 MY\ECO.LAB1\BUILDFILES\WINDOWS\X86\DYNAMICDEBUG\4828F6552E4540E78121EBD220DC360E.PDB
C:\VS EXPRESS\LAB2\MARK 10 MY\ECO.LAB1\BUILDFILES\WINDOWS\X86\DYNAMICDEBUG\OBJ\ECO.CALCULATORA\4828F6552E4540E78121EBD220DC360E.DLL.INTERMEDIATE.MANIFEST
C:\VS EXPRESS\LAB2\MARK 10 MY\ECO.LAB1\BUILDFILES\WINDOWS\X86\DYNAMICDEBUG\OBJ\ECO.CALCULATORA\CECOCALCULATORA.OBJ
C:\VS EXPRESS\LAB2\MARK 10 MY\ECO.LAB1\BUILDFILES\WINDOWS\X86\DYNAMICDEBUG\OBJ\ECO.CALCULATORA\CECOCALCULATORAFACTORY.OBJ
C:\vs express\lab2\mark 10 my\Eco.Lab1\BuildFiles\Windows\x86\DynamicDebug\obj\Eco.CalculatorA\cl.command.1.tlog
C:\vs express\lab2\mark 10 my\Eco.Lab1\BuildFiles\Windows\x86\DynamicDebug\obj\Eco.CalculatorA\CL.read.1.tlog
C:\vs express\lab2\mark 10 my\Eco.Lab1\BuildFiles\Windows\x86\DynamicDebug\obj\Eco.CalculatorA\CL.write.1.tlog
C:\vs express\lab2\mark 10 my\Eco.Lab1\BuildFiles\Windows\x86\DynamicDebug\obj\Eco.CalculatorA\Eco.CalculatorA.vcxprojResolveAssemblyReference.cache
C:\vs express\lab2\mark 10 my\Eco.Lab1\BuildFiles\Windows\x86\DynamicDebug\obj\Eco.CalculatorA\Eco.CalculatorA.write.1.tlog
C:\vs express\lab2\mark 10 my\Eco.Lab1\BuildFiles\Windows\x86\DynamicDebug\obj\Eco.CalculatorA\link.command.1.tlog
C:\vs express\lab2\mark 10 my\Eco.Lab1\BuildFiles\Windows\x86\DynamicDebug\obj\Eco.CalculatorA\link.read.1.tlog
C:\vs express\lab2\mark 10 my\Eco.Lab1\BuildFiles\Windows\x86\DynamicDebug\obj\Eco.CalculatorA\link.write.1.tlog
C:\vs express\lab2\mark 10 my\Eco.Lab1\BuildFiles\Windows\x86\DynamicDebug\obj\Eco.CalculatorA\mt.command.1.tlog
C:\vs express\lab2\mark 10 my\Eco.Lab1\BuildFiles\Windows\x86\DynamicDebug\obj\Eco.CalculatorA\mt.read.1.tlog
C:\vs express\lab2\mark 10 my\Eco.Lab1\BuildFiles\Windows\x86\DynamicDebug\obj\Eco.CalculatorA\mt.write.1.tlog
C:\vs express\lab2\mark 10 my\Eco.Lab1\BuildFiles\Windows\x86\DynamicDebug\obj\Eco.CalculatorA\vc100.idb
C:\VS EXPRESS\LAB2\MARK 10 MY\ECO.LAB1\BUILDFILES\WINDOWS\X86\DYNAMICDEBUG\OBJ\ECO.CALCULATORA\VC100.PDB
