C:\VS EXPRESS\LAB2\MARK 10 MY\ECO.LAB1\BUILDFILES\WINDOWS\X86\DYNAMICDEBUG\872FEF1DE3314B87AD44D1E7C232C2F0.DLL
C:\vs express\lab2\mark 10 my\Eco.Lab1\BuildFiles\Windows\x86\DynamicDebug\872FEF1DE3314B87AD44D1E7C232C2F0.exp
C:\VS EXPRESS\LAB2\MARK 10 MY\ECO.LAB1\BUILDFILES\WINDOWS\X86\DYNAMICDEBUG\872FEF1DE3314B87AD44D1E7C232C2F0.ILK
C:\vs express\lab2\mark 10 my\Eco.Lab1\BuildFiles\Windows\x86\DynamicDebug\872FEF1DE3314B87AD44D1E7C232C2F0.lib
C:\VS EXPRESS\LAB2\MARK 10 MY\ECO.LAB1\BUILDFILES\WINDOWS\X86\DYNAMICDEBUG\872FEF1DE3314B87AD44D1E7C232C2F0.PDB
C:\VS EXPRESS\LAB2\MARK 10 MY\ECO.LAB1\BUILDFILES\WINDOWS\X86\DYNAMICDEBUG\OBJ\ECO.CALCULATORE\872FEF1DE3314B87AD44D1E7C232C2F0.DLL.INTERMEDIATE.MANIFEST
C:\VS EXPRESS\LAB2\MARK 10 MY\ECO.LAB1\BUILDFILES\WINDOWS\X86\DYNAMICDEBUG\OBJ\ECO.CALCULATORE\CECOCALCULATORE.OBJ
C:\VS EXPRESS\LAB2\MARK 10 MY\ECO.LAB1\BUILDFILES\WINDOWS\X86\DYNAMICDEBUG\OBJ\ECO.CALCULATORE\CECOCALCULATOREFACTORY.OBJ
C:\vs express\lab2\mark 10 my\Eco.Lab1\BuildFiles\Windows\x86\DynamicDebug\obj\Eco.CalculatorE\cl.command.1.tlog
C:\vs express\lab2\mark 10 my\Eco.Lab1\BuildFiles\Windows\x86\DynamicDebug\obj\Eco.CalculatorE\CL.read.1.tlog
C:\vs express\lab2\mark 10 my\Eco.Lab1\BuildFiles\Windows\x86\DynamicDebug\obj\Eco.CalculatorE\CL.write.1.tlog
C:\vs express\lab2\mark 10 my\Eco.Lab1\BuildFiles\Windows\x86\DynamicDebug\obj\Eco.CalculatorE\Eco.CalculatorE.vcxprojResolveAssemblyReference.cache
C:\vs express\lab2\mark 10 my\Eco.Lab1\BuildFiles\Windows\x86\DynamicDebug\obj\Eco.CalculatorE\Eco.CalculatorE.write.1.tlog
C:\vs express\lab2\mark 10 my\Eco.Lab1\BuildFiles\Windows\x86\DynamicDebug\obj\Eco.CalculatorE\link.command.1.tlog
C:\vs express\lab2\mark 10 my\Eco.Lab1\BuildFiles\Windows\x86\DynamicDebug\obj\Eco.CalculatorE\link.read.1.tlog
C:\vs express\lab2\mark 10 my\Eco.Lab1\BuildFiles\Windows\x86\DynamicDebug\obj\Eco.CalculatorE\link.write.1.tlog
C:\vs express\lab2\mark 10 my\Eco.Lab1\BuildFiles\Windows\x86\DynamicDebug\obj\Eco.CalculatorE\mt.command.1.tlog
C:\vs express\lab2\mark 10 my\Eco.Lab1\BuildFiles\Windows\x86\DynamicDebug\obj\Eco.CalculatorE\mt.read.1.tlog
C:\vs express\lab2\mark 10 my\Eco.Lab1\BuildFiles\Windows\x86\DynamicDebug\obj\Eco.CalculatorE\mt.write.1.tlog
C:\vs express\lab2\mark 10 my\Eco.Lab1\BuildFiles\Windows\x86\DynamicDebug\obj\Eco.CalculatorE\vc100.idb
C:\VS EXPRESS\LAB2\MARK 10 MY\ECO.LAB1\BUILDFILES\WINDOWS\X86\DYNAMICDEBUG\OBJ\ECO.CALCULATORE\VC100.PDB
