C:\VS EXPRESS\LAB2\MARK 10 MY\ECO.LAB1\BUILDFILES\WINDOWS\X86\DYNAMICDEBUG\3A8E44677E82475CB4A3719ED8397E61.DLL
C:\vs express\lab2\mark 10 my\Eco.Lab1\BuildFiles\Windows\x86\DynamicDebug\3A8E44677E82475CB4A3719ED8397E61.exp
C:\VS EXPRESS\LAB2\MARK 10 MY\ECO.LAB1\BUILDFILES\WINDOWS\X86\DYNAMICDEBUG\3A8E44677E82475CB4A3719ED8397E61.ILK
C:\vs express\lab2\mark 10 my\Eco.Lab1\BuildFiles\Windows\x86\DynamicDebug\3A8E44677E82475CB4A3719ED8397E61.lib
C:\VS EXPRESS\LAB2\MARK 10 MY\ECO.LAB1\BUILDFILES\WINDOWS\X86\DYNAMICDEBUG\3A8E44677E82475CB4A3719ED8397E61.PDB
C:\VS EXPRESS\LAB2\MARK 10 MY\ECO.LAB1\BUILDFILES\WINDOWS\X86\DYNAMICDEBUG\OBJ\ECO.CALCULATORD\3A8E44677E82475CB4A3719ED8397E61.DLL.INTERMEDIATE.MANIFEST
C:\VS EXPRESS\LAB2\MARK 10 MY\ECO.LAB1\BUILDFILES\WINDOWS\X86\DYNAMICDEBUG\OBJ\ECO.CALCULATORD\CECOCALCULATORD.OBJ
C:\VS EXPRESS\LAB2\MARK 10 MY\ECO.LAB1\BUILDFILES\WINDOWS\X86\DYNAMICDEBUG\OBJ\ECO.CALCULATORD\CECOCALCULATORDFACTORY.OBJ
C:\vs express\lab2\mark 10 my\Eco.Lab1\BuildFiles\Windows\x86\DynamicDebug\obj\Eco.CalculatorD\cl.command.1.tlog
C:\vs express\lab2\mark 10 my\Eco.Lab1\BuildFiles\Windows\x86\DynamicDebug\obj\Eco.CalculatorD\CL.read.1.tlog
C:\vs express\lab2\mark 10 my\Eco.Lab1\BuildFiles\Windows\x86\DynamicDebug\obj\Eco.CalculatorD\CL.write.1.tlog
C:\vs express\lab2\mark 10 my\Eco.Lab1\BuildFiles\Windows\x86\DynamicDebug\obj\Eco.CalculatorD\Eco.CalculatorD.vcxprojResolveAssemblyReference.cache
C:\vs express\lab2\mark 10 my\Eco.Lab1\BuildFiles\Windows\x86\DynamicDebug\obj\Eco.CalculatorD\Eco.CalculatorD.write.1.tlog
C:\vs express\lab2\mark 10 my\Eco.Lab1\BuildFiles\Windows\x86\DynamicDebug\obj\Eco.CalculatorD\link.command.1.tlog
C:\vs express\lab2\mark 10 my\Eco.Lab1\BuildFiles\Windows\x86\DynamicDebug\obj\Eco.CalculatorD\link.read.1.tlog
C:\vs express\lab2\mark 10 my\Eco.Lab1\BuildFiles\Windows\x86\DynamicDebug\obj\Eco.CalculatorD\link.write.1.tlog
C:\vs express\lab2\mark 10 my\Eco.Lab1\BuildFiles\Windows\x86\DynamicDebug\obj\Eco.CalculatorD\mt.command.1.tlog
C:\vs express\lab2\mark 10 my\Eco.Lab1\BuildFiles\Windows\x86\DynamicDebug\obj\Eco.CalculatorD\mt.read.1.tlog
C:\vs express\lab2\mark 10 my\Eco.Lab1\BuildFiles\Windows\x86\DynamicDebug\obj\Eco.CalculatorD\mt.write.1.tlog
C:\vs express\lab2\mark 10 my\Eco.Lab1\BuildFiles\Windows\x86\DynamicDebug\obj\Eco.CalculatorD\vc100.idb
C:\VS EXPRESS\LAB2\MARK 10 MY\ECO.LAB1\BUILDFILES\WINDOWS\X86\DYNAMICDEBUG\OBJ\ECO.CALCULATORD\VC100.PDB
