Build started 30.10.2025 14:19:39.
     1>Project "C:\vs express\001.InsideACOM\Lessons\Lesson06\Eco.CalculatorD\AssemblyFiles\Windows\VisualStudio_10\Eco.CalculatorD.vcxproj" on node 2 (build target(s)).
     1>InitializeBuildStatus:
         Creating "C:\vs express\lab2\mark 10 my\Eco.Lab1\BuildFiles\Windows\x86\DynamicDebug\obj\Eco.CalculatorD\Eco.CalculatorD.unsuccessfulbuild" because "AlwaysCreate" was specified.
       ClCompile:
         C:\vs express\VS Express 2010\VC\bin\CL.exe /c /I..\..\..\HeaderFiles /I..\..\..\SharedFiles /I..\..\..\..\..\Lesson02\Eco.CalculatorA\SharedFiles /I..\..\..\..\..\Lesson03\Eco.CalculatorB\SharedFiles /I"C:\vs express\EcoFramework\Eco.Core1\SharedFiles" /I"C:\vs express\EcoFramework\Eco.MemoryManager1\SharedFiles" /I"C:\vs express\EcoFramework\Eco.InterfaceBus1\SharedFiles" /ZI /nologo /W3 /WX- /Od /Oy- /D ECO_WINDOWS /D ECO_WIN32 /D _DEBUG /D _WINDOWS /D ECO_X86_32 /D ECO_DLL /D UGUID_UTILITY /D _WINDLL /D _UNICODE /D UNICODE /Gm /EHsc /RTC1 /MTd /GS /fp:precise /Zc:wchar_t /Zc:forScope /Fo"C:\vs express\lab2\mark 10 my\Eco.Lab1\BuildFiles\Windows\x86\DynamicDebug\obj\Eco.CalculatorD\\" /Fd"C:\vs express\lab2\mark 10 my\Eco.Lab1\BuildFiles\Windows\x86\DynamicDebug\obj\Eco.CalculatorD\vc100.pdb" /Gz /TC /analyze- /errorReport:prompt ..\..\..\SourceFiles\CEcoCalculatorD.c ..\..\..\SourceFiles\CEcoCalculatorDFactory.c
         CEcoCalculatorDFactory.c
         CEcoCalculatorD.c
         Generating Code...
       Link:
         C:\vs express\VS Express 2010\VC\bin\link.exe /ERRORREPORT:PROMPT /OUT:"C:\vs express\lab2\mark 10 my\Eco.Lab1\BuildFiles\Windows\x86\DynamicDebug\3A8E44677E82475CB4A3719ED8397E61.dll" /VERSION:"2.0" /NOLOGO kernel32.lib user32.lib gdi32.lib winspool.lib comdlg32.lib advapi32.lib shell32.lib ole32.lib oleaut32.lib uuid.lib odbc32.lib odbccp32.lib /MANIFEST /ManifestFile:"C:\vs express\lab2\mark 10 my\Eco.Lab1\BuildFiles\Windows\x86\DynamicDebug\obj\Eco.CalculatorD\3A8E44677E82475CB4A3719ED8397E61.dll.intermediate.manifest" /MANIFESTUAC:"level='asInvoker' uiAccess='false'" /DEBUG /PDB:"C:\vs express\lab2\mark 10 my\Eco.Lab1\BuildFiles\Windows\x86\DynamicDebug\3A8E44677E82475CB4A3719ED8397E61.pdb" /SUBSYSTEM:WINDOWS /TLBID:1 /DYNAMICBASE /NXCOMPAT /IMPLIB:"C:\vs express\lab2\mark 10 my\Eco.Lab1\BuildFiles\Windows\x86\DynamicDebug\3A8E44677E82475CB4A3719ED8397E61.lib" /MACHINE:X86 /DLL "C:\vs express\lab2\mark 10 my\Eco.Lab1\BuildFiles\Windows\x86\DynamicDebug\obj\Eco.CalculatorD\CEcoCalculatorD.obj"
         "C:\vs express\lab2\mark 10 my\Eco.Lab1\BuildFiles\Windows\x86\DynamicDebug\obj\Eco.CalculatorD\CEcoCalculatorDFactory.obj"
            Creating library C:\vs express\lab2\mark 10 my\Eco.Lab1\BuildFiles\Windows\x86\DynamicDebug\3A8E44677E82475CB4A3719ED8397E61.lib and object C:\vs express\lab2\mark 10 my\Eco.Lab1\BuildFiles\Windows\x86\DynamicDebug\3A8E44677E82475CB4A3719ED8397E61.exp
         Eco.CalculatorD.vcxproj -> C:\vs express\lab2\mark 10 my\Eco.Lab1\BuildFiles\Windows\x86\DynamicDebug\3A8E44677E82475CB4A3719ED8397E61.dll
       Manifest:
         C:\Program Files (x86)\Microsoft SDKs\Windows\v7.0A\bin\mt.exe /nologo /verbose /outputresource:"C:\vs express\lab2\mark 10 my\Eco.Lab1\BuildFiles\Windows\x86\DynamicDebug\3A8E44677E82475CB4A3719ED8397E61.dll;#2" /manifest "C:\vs express\lab2\mark 10 my\Eco.Lab1\BuildFiles\Windows\x86\DynamicDebug\obj\Eco.CalculatorD\3A8E44677E82475CB4A3719ED8397E61.dll.intermediate.manifest"
       FinalizeBuildStatus:
         Deleting file "C:\vs express\lab2\mark 10 my\Eco.Lab1\BuildFiles\Windows\x86\DynamicDebug\obj\Eco.CalculatorD\Eco.CalculatorD.unsuccessfulbuild".
         Touching "C:\vs express\lab2\mark 10 my\Eco.Lab1\BuildFiles\Windows\x86\DynamicDebug\obj\Eco.CalculatorD\Eco.CalculatorD.lastbuildstate".
     1>Done Building Project "C:\vs express\001.InsideACOM\Lessons\Lesson06\Eco.CalculatorD\AssemblyFiles\Windows\VisualStudio_10\Eco.CalculatorD.vcxproj" (build target(s)).

Build succeeded.

Time Elapsed 00:00:00.62
